{
  "stats": {
    "suites": 1,
    "tests": 1,
    "passes": 0,
    "pending": 0,
    "failures": 1,
    "start": "2026-08-03T17:00:45.407Z",
    "end": "2026-08-03T17:01:08.044Z",
    "duration": 22637,
    "testsRegistered": 1,
    "passPercent": 0,
    "pendingPercent": 0,
    "other": 0,
    "hasOther": false,
    "skipped": 0,
    "hasSkipped": false
  },
  "results": [
    {
      "uuid": "a5907322-2b9a-40e2-a026-bc8c3075a4d2",
      "title": "",
      "fullFile": "cypress/e2e/checkout.cy.js",
      "file": "cypress/e2e/checkout.cy.js",
      "beforeHooks": [],
      "afterHooks": [],
      "tests": [],
      "suites": [
        {
          "uuid": "25b7456e-41de-4c74-a08c-6f674c69d9a2",
          "title": "Fluxo de Compra após Login - EBAC Store",
          "fullFile": "",
          "file": "",
          "beforeHooks": [],
          "afterHooks": [],
          "tests": [
            {
              "title": "Deve adicionar o item ao carrinho e finalizar a compra",
              "fullTitle": "Fluxo de Compra após Login - EBAC Store Deve adicionar o item ao carrinho e finalizar a compra",
              "timedOut": null,
              "duration": 22449,
              "state": "failed",
              "speed": null,
              "pass": false,
              "fail": true,
              "pending": false,
              "context": null,
              "code": "cy.addItemToCart();\ncy.completeCheckout();\ncy.contains('Go Back Home').should('be.visible');",
              "err": {
                "message": "AssertionError: Timed out retrying after 15000ms: Expected to find element: `[data-testid=\"banner\"]`, but never found it.",
                "estack": "AssertionError: Timed out retrying after 15000ms: Expected to find element: `[data-testid=\"banner\"]`, but never found it.\n    at Context.eval (webpack://modulo-22/./cypress/support/commands.js:15:5)\n    at wrapped (http://lojaebac.ebaconline.art.br/__cypress/runner/cypress_runner.js:140147:43)",
                "diff": null
              },
              "uuid": "81d17213-052c-4d1c-ac24-a72f8e9dab0a",
              "parentUUID": "25b7456e-41de-4c74-a08c-6f674c69d9a2",
              "isHook": false,
              "skipped": false
            }
          ],
          "suites": [],
          "passes": [],
          "failures": [
            "81d17213-052c-4d1c-ac24-a72f8e9dab0a"
          ],
          "pending": [],
          "skipped": [],
          "duration": 22449,
          "root": false,
          "rootEmpty": false,
          "_timeout": 2000
        }
      ],
      "passes": [],
      "failures": [],
      "pending": [],
      "skipped": [],
      "duration": 0,
      "root": true,
      "rootEmpty": true,
      "_timeout": 2000
    }
  ],
  "meta": {
    "mocha": {
      "version": "7.2.0"
    },
    "mochawesome": {
      "options": {
        "quiet": false,
        "reportFilename": "mochawesome",
        "saveHtml": false,
        "saveJson": true,
        "consoleReporter": "spec",
        "useInlineDiffs": false,
        "code": true
      },
      "version": "7.1.3"
    },
    "marge": {
      "options": {
        "reportDir": "mochawesome-report",
        "overwrite": false,
        "html": false,
        "json": true
      },
      "version": "6.2.0"
    }
  }
}