{
  "stats": {
    "suites": 1,
    "tests": 1,
    "passes": 0,
    "pending": 0,
    "failures": 1,
    "start": "2026-08-03T15:25:56.157Z",
    "end": "2026-08-03T15:26:59.063Z",
    "duration": 62906,
    "testsRegistered": 1,
    "passPercent": 0,
    "pendingPercent": 0,
    "other": 0,
    "hasOther": false,
    "skipped": 0,
    "hasSkipped": false
  },
  "results": [
    {
      "uuid": "da32a01b-28a1-44a7-960d-936c45e6a2c6",
      "title": "",
      "fullFile": "cypress/e2e/login/loginAccount.cy.js",
      "file": "cypress/e2e/login/loginAccount.cy.js",
      "beforeHooks": [],
      "afterHooks": [],
      "tests": [],
      "suites": [
        {
          "uuid": "769b164a-73b8-4f82-87d5-f1f8e4c9e7ec",
          "title": "Fluxo de Login - EBAC Store",
          "fullFile": "",
          "file": "",
          "beforeHooks": [],
          "afterHooks": [],
          "tests": [
            {
              "title": "Deve fazer login com sucesso e verificar no Profile",
              "fullTitle": "Fluxo de Login - EBAC Store Deve fazer login com sucesso e verificar no Profile",
              "timedOut": null,
              "duration": 60460,
              "state": "failed",
              "speed": null,
              "pass": false,
              "fail": true,
              "pending": false,
              "context": null,
              "code": "const userData = {\n  email: 'teste1@exemplo.com',\n  password: 'senha123'\n};\ncy.get('[data-testid=\"email\"]').type(userData.email);\ncy.get('[data-testid=\"password\"]').type(userData.password);\ncy.get('[data-testid=\"btnLogin\"]').click();\ncy.get('[href=\"/Tab/Account\"] > .r-g6644c').click();\ncy.get('[data-testid=\"CustomerName\"]').should('exist');",
              "err": {
                "message": "CypressError: Timed out after waiting `60000ms` for your remote page to load.\n\nYour page did not fire its `load` event within `60000ms`.\n\nYou can try increasing the `pageLoadTimeout` value in `cypress.config.js` to wait longer.\n\nBrowsers will not fire the `load` event until all stylesheets and scripts are done downloading.\n\nWhen this `load` event occurs, Cypress will continue running commands.\n\nBecause this error occurred during a `before each` hook we are skipping all of the remaining tests.",
                "estack": "CypressError: Timed out after waiting `60000ms` for your remote page to load.\n\nYour page did not fire its `load` event within `60000ms`.\n\nYou can try increasing the `pageLoadTimeout` value in `cypress.config.js` to wait longer.\n\nBrowsers will not fire the `load` event until all stylesheets and scripts are done downloading.\n\nWhen this `load` event occurs, Cypress will continue running commands.\n\nBecause this error occurred during a `before each` hook we are skipping all of the remaining tests.\n    at timedOutWaitingForPageLoad (http://lojaebac.ebaconline.art.br/__cypress/runner/cypress_runner.js:132731:64)\n    at <unknown> (http://lojaebac.ebaconline.art.br/__cypress/runner/cypress_runner.js:133725:16)\n    at tryCatcher (http://lojaebac.ebaconline.art.br/__cypress/runner/cypress_runner.js:1777:23)\n    at <unknown> (http://lojaebac.ebaconline.art.br/__cypress/runner/cypress_runner.js:4156:41)\n    at tryCatcher (http://lojaebac.ebaconline.art.br/__cypress/runner/cypress_runner.js:1777:23)\n    at Promise._settlePromiseFromHandler (http://lojaebac.ebaconline.art.br/__cypress/runner/cypress_runner.js:1489:31)\n    at Promise._settlePromise (http://lojaebac.ebaconline.art.br/__cypress/runner/cypress_runner.js:1546:18)\n    at Promise._settlePromise0 (http://lojaebac.ebaconline.art.br/__cypress/runner/cypress_runner.js:1591:10)\n    at Promise._settlePromises (http://lojaebac.ebaconline.art.br/__cypress/runner/cypress_runner.js:1667:18)\n    at _drainQueueStep (http://lojaebac.ebaconline.art.br/__cypress/runner/cypress_runner.js:2377:12)\n    at _drainQueue (http://lojaebac.ebaconline.art.br/__cypress/runner/cypress_runner.js:2370:9)\n    at Async._drainQueues (http://lojaebac.ebaconline.art.br/__cypress/runner/cypress_runner.js:2386:5)\n    at Async.drainQueues (http://lojaebac.ebaconline.art.br/__cypress/runner/cypress_runner.js:2256:14)\nFrom Your Spec Code:\n    at Context.eval (webpack://modulo-22/./cypress/support/commands.js:3:5)",
                "diff": null
              },
              "uuid": "5d613ef2-9a8d-4961-bebb-835dab416d94",
              "parentUUID": "769b164a-73b8-4f82-87d5-f1f8e4c9e7ec",
              "isHook": false,
              "skipped": false
            }
          ],
          "suites": [],
          "passes": [],
          "failures": [
            "5d613ef2-9a8d-4961-bebb-835dab416d94"
          ],
          "pending": [],
          "skipped": [],
          "duration": 60460,
          "root": false,
          "rootEmpty": false,
          "_timeout": 2000
        }
      ],
      "passes": [],
      "failures": [],
      "pending": [],
      "skipped": [],
      "duration": 0,
      "root": true,
      "rootEmpty": true,
      "_timeout": 2000
    }
  ],
  "meta": {
    "mocha": {
      "version": "7.2.0"
    },
    "mochawesome": {
      "options": {
        "quiet": false,
        "reportFilename": "mochawesome",
        "saveHtml": false,
        "saveJson": true,
        "consoleReporter": "spec",
        "useInlineDiffs": false,
        "code": true
      },
      "version": "7.1.3"
    },
    "marge": {
      "options": {
        "reportDir": "mochawesome-report",
        "overwrite": false,
        "html": false,
        "json": true
      },
      "version": "6.2.0"
    }
  }
}