{
  "stats": {
    "suites": 1,
    "tests": 1,
    "passes": 0,
    "pending": 0,
    "failures": 1,
    "start": "2026-08-03T16:44:45.694Z",
    "end": "2026-08-03T16:45:10.470Z",
    "duration": 24776,
    "testsRegistered": 1,
    "passPercent": 0,
    "pendingPercent": 0,
    "other": 0,
    "hasOther": false,
    "skipped": 0,
    "hasSkipped": false
  },
  "results": [
    {
      "uuid": "c2d0890c-7ce0-4f74-be8f-8020c1cfe831",
      "title": "",
      "fullFile": "cypress/e2e/checkout.cy.js",
      "file": "cypress/e2e/checkout.cy.js",
      "beforeHooks": [],
      "afterHooks": [],
      "tests": [],
      "suites": [
        {
          "uuid": "54f0699a-cc73-41d2-8a66-35a43d15323a",
          "title": "Fluxo de Compra após Login - EBAC Store",
          "fullFile": "",
          "file": "",
          "beforeHooks": [],
          "afterHooks": [],
          "tests": [
            {
              "title": "Deve adicionar o item ao carrinho e finalizar a compra",
              "fullTitle": "Fluxo de Compra após Login - EBAC Store Deve adicionar o item ao carrinho e finalizar a compra",
              "timedOut": null,
              "duration": 24716,
              "state": "failed",
              "speed": null,
              "pass": false,
              "fail": true,
              "pending": false,
              "context": null,
              "code": "cy.addItemToCart();\ncy.completeCheckout();\ncy.contains('Go Back Home').should('be.visible');",
              "err": {
                "message": "AssertionError: Timed out retrying after 15000ms: Expected to find element: `[data-testid=\"completeCheckout\"]`, but never found it.",
                "estack": "AssertionError: Timed out retrying after 15000ms: Expected to find element: `[data-testid=\"completeCheckout\"]`, but never found it.\n    at Context.eval (webpack://modulo-22/./cypress/support/commands.js:31:5)\n    at wrapped (http://lojaebac.ebaconline.art.br/__cypress/runner/cypress_runner.js:140147:43)",
                "diff": null
              },
              "uuid": "7f30379c-004a-465f-9a23-771a4c4a0531",
              "parentUUID": "54f0699a-cc73-41d2-8a66-35a43d15323a",
              "isHook": false,
              "skipped": false
            }
          ],
          "suites": [],
          "passes": [],
          "failures": [
            "7f30379c-004a-465f-9a23-771a4c4a0531"
          ],
          "pending": [],
          "skipped": [],
          "duration": 24716,
          "root": false,
          "rootEmpty": false,
          "_timeout": 2000
        }
      ],
      "passes": [],
      "failures": [],
      "pending": [],
      "skipped": [],
      "duration": 0,
      "root": true,
      "rootEmpty": true,
      "_timeout": 2000
    }
  ],
  "meta": {
    "mocha": {
      "version": "7.2.0"
    },
    "mochawesome": {
      "options": {
        "quiet": false,
        "reportFilename": "mochawesome",
        "saveHtml": false,
        "saveJson": true,
        "consoleReporter": "spec",
        "useInlineDiffs": false,
        "code": true
      },
      "version": "7.1.3"
    },
    "marge": {
      "options": {
        "reportDir": "mochawesome-report",
        "overwrite": false,
        "html": false,
        "json": true
      },
      "version": "6.2.0"
    }
  }
}